# JRE version: Java(TM) SE Runtime Environment (8.0_92-b14) (build 1.8.0_92-b14)
# Java VM: Java HotSpot(TM) 64-Bit Server VM (25.92-b14 mixed mode linux-amd64 compressed oops)
Heap:
 par new generation   total 76800K, used 58109K [0x00000006c6a00000, 0x00000006cbd50000, 0x00000006f0390000)
  eden space 68288K,  74% used [0x00000006c6a00000, 0x00000006c9bddaf8, 0x00000006cacb0000)
  from space 8512K,  82% used [0x00000006cacb0000, 0x00000006cb391a80, 0x00000006cb500000)
  to   space 8512K,   0% used [0x00000006cb500000, 0x00000006cb500000, 0x00000006cbd50000)
 concurrent mark-sweep generation total 170688K, used 6774K [0x00000006f0390000, 0x00000006faa40000, 0x00000007c0000000)
 Metaspace       used 18555K, capacity 18721K, committed 19072K, reserved 1067008K
  class space    used 2287K, capacity 2371K, committed 2432K, reserved 1048576K
GC Heap History (4 events):
Event: 1.401 GC heap before
{Heap before GC invocations=0 (full 0):
 par new generation   total 76800K, used 68288K [0x00000006c6a00000, 0x00000006cbd50000, 0x00000006f0390000)
  eden space 68288K, 100% used [0x00000006c6a00000, 0x00000006cacb0000, 0x00000006cacb0000)
  from space 8512K,   0% used [0x00000006cacb0000, 0x00000006cacb0000, 0x00000006cb500000)
  to   space 8512K,   0% used [0x00000006cb500000, 0x00000006cb500000, 0x00000006cbd50000)
 concurrent mark-sweep generation total 170688K, used 0K [0x00000006f0390000, 0x00000006faa40000, 0x00000007c0000000)
 Metaspace       used 18152K, capacity 18337K, committed 18560K, reserved 1064960K
  class space    used 2283K, capacity 2371K, committed 2432K, reserved 1048576K
Event: 1.409 GC heap after
Heap after GC invocations=1 (full 0):
 par new generation   total 76800K, used 8512K [0x00000006c6a00000, 0x00000006cbd50000, 0x00000006f0390000)
  eden space 68288K,   0% used [0x00000006c6a00000, 0x00000006c6a00000, 0x00000006cacb0000)
  from space 8512K, 100% used [0x00000006cb500000, 0x00000006cbd50000, 0x00000006cbd50000)
  to   space 8512K,   0% used [0x00000006cacb0000, 0x00000006cacb0000, 0x00000006cb500000)
 concurrent mark-sweep generation total 170688K, used 3303K [0x00000006f0390000, 0x00000006faa40000, 0x00000007c0000000)
 Metaspace       used 18152K, capacity 18337K, committed 18560K, reserved 1064960K
  class space    used 2283K, capacity 2371K, committed 2432K, reserved 1048576K
}
Event: 2.181 GC heap before
{Heap before GC invocations=1 (full 0):
 par new generation   total 76800K, used 76800K [0x00000006c6a00000, 0x00000006cbd50000, 0x00000006f0390000)
  eden space 68288K, 100% used [0x00000006c6a00000, 0x00000006cacb0000, 0x00000006cacb0000)
  from space 8512K, 100% used [0x00000006cb500000, 0x00000006cbd50000, 0x00000006cbd50000)
  to   space 8512K,   0% used [0x00000006cacb0000, 0x00000006cacb0000, 0x00000006cb500000)
 concurrent mark-sweep generation total 170688K, used 3303K [0x00000006f0390000, 0x00000006faa40000, 0x00000007c0000000)
 Metaspace       used 18537K, capacity 18721K, committed 19072K, reserved 1067008K
  class space    used 2284K, capacity 2371K, committed 2432K, reserved 1048576K
Event: 2.225 GC heap after
Heap after GC invocations=2 (full 0):
 par new generation   total 76800K, used 7046K [0x00000006c6a00000, 0x00000006cbd50000, 0x00000006f0390000)
  eden space 68288K,   0% used [0x00000006c6a00000, 0x00000006c6a00000, 0x00000006cacb0000)
  from space 8512K,  82% used [0x00000006cacb0000, 0x00000006cb391a80, 0x00000006cb500000)
  to   space 8512K,   0% used [0x00000006cb500000, 0x00000006cb500000, 0x00000006cbd50000)
 concurrent mark-sweep generation total 170688K, used 6774K [0x00000006f0390000, 0x00000006faa40000, 0x00000007c0000000)
 Metaspace       used 18537K, capacity 18721K, committed 19072K, reserved 1067008K
  class space    used 2284K, capacity 2371K, committed 2432K, reserved 1048576K
}

