# JRE version: Java(TM) SE Runtime Environment (8.0_92-b14) (build 1.8.0_92-b14)
# Java VM: Java HotSpot(TM) 64-Bit Server VM (25.92-b14 mixed mode linux-amd64 compressed oops)
Heap:
 par new generation   total 76800K, used 56922K [0x00000006c6a00000, 0x00000006cbd50000, 0x00000006f0390000)
  eden space 68288K,  73% used [0x00000006c6a00000, 0x00000006c9b375b8, 0x00000006cacb0000)
  from space 8512K,  76% used [0x00000006cacb0000, 0x00000006cb30f5f8, 0x00000006cb500000)
  to   space 8512K,   0% used [0x00000006cb500000, 0x00000006cb500000, 0x00000006cbd50000)
 concurrent mark-sweep generation total 170688K, used 22309K [0x00000006f0390000, 0x00000006faa40000, 0x00000007c0000000)
 Metaspace       used 18583K, capacity 18785K, committed 19072K, reserved 1067008K
  class space    used 2287K, capacity 2371K, committed 2432K, reserved 1048576K
GC Heap History (10 events):
Event: 2.027 GC heap before
{Heap before GC invocations=1 (full 0):
 par new generation   total 76800K, used 76799K [0x00000006c6a00000, 0x00000006cbd50000, 0x00000006f0390000)
  eden space 68288K, 100% used [0x00000006c6a00000, 0x00000006cacb0000, 0x00000006cacb0000)
  from space 8512K,  99% used [0x00000006cb500000, 0x00000006cbd4fff8, 0x00000006cbd50000)
  to   space 8512K,   0% used [0x00000006cacb0000, 0x00000006cacb0000, 0x00000006cb500000)
 concurrent mark-sweep generation total 170688K, used 3245K [0x00000006f0390000, 0x00000006faa40000, 0x00000007c0000000)
 Metaspace       used 18540K, capacity 18721K, committed 19072K, reserved 1067008K
  class space    used 2284K, capacity 2371K, committed 2432K, reserved 1048576K
Event: 2.041 GC heap after
Heap after GC invocations=2 (full 0):
 par new generation   total 76800K, used 7054K [0x00000006c6a00000, 0x00000006cbd50000, 0x00000006f0390000)
  eden space 68288K,   0% used [0x00000006c6a00000, 0x00000006c6a00000, 0x00000006cacb0000)
  from space 8512K,  82% used [0x00000006cacb0000, 0x00000006cb393bc0, 0x00000006cb500000)
  to   space 8512K,   0% used [0x00000006cb500000, 0x00000006cb500000, 0x00000006cbd50000)
 concurrent mark-sweep generation total 170688K, used 6647K [0x00000006f0390000, 0x00000006faa40000, 0x00000007c0000000)
 Metaspace       used 18540K, capacity 18721K, committed 19072K, reserved 1067008K
  class space    used 2284K, capacity 2371K, committed 2432K, reserved 1048576K
}
Event: 2.463 GC heap before
{Heap before GC invocations=2 (full 0):
 par new generation   total 76800K, used 75342K [0x00000006c6a00000, 0x00000006cbd50000, 0x00000006f0390000)
  eden space 68288K, 100% used [0x00000006c6a00000, 0x00000006cacb0000, 0x00000006cacb0000)
  from space 8512K,  82% used [0x00000006cacb0000, 0x00000006cb393bc0, 0x00000006cb500000)
  to   space 8512K,   0% used [0x00000006cb500000, 0x00000006cb500000, 0x00000006cbd50000)
 concurrent mark-sweep generation total 170688K, used 6647K [0x00000006f0390000, 0x00000006faa40000, 0x00000007c0000000)
 Metaspace       used 18543K, capacity 18721K, committed 19072K, reserved 1067008K
  class space    used 2284K, capacity 2371K, committed 2432K, reserved 1048576K
Event: 2.486 GC heap after
Heap after GC invocations=3 (full 0):
 par new generation   total 76800K, used 6581K [0x00000006c6a00000, 0x00000006cbd50000, 0x00000006f0390000)
  eden space 68288K,   0% used [0x00000006c6a00000, 0x00000006c6a00000, 0x00000006cacb0000)
  from space 8512K,  77% used [0x00000006cb500000, 0x00000006cbb6d6e0, 0x00000006cbd50000)
  to   space 8512K,   0% used [0x00000006cacb0000, 0x00000006cacb0000, 0x00000006cb500000)
 concurrent mark-sweep generation total 170688K, used 10755K [0x00000006f0390000, 0x00000006faa40000, 0x00000007c0000000)
 Metaspace       used 18543K, capacity 18721K, committed 19072K, reserved 1067008K
  class space    used 2284K, capacity 2371K, committed 2432K, reserved 1048576K
}
Event: 2.908 GC heap before
{Heap before GC invocations=3 (full 0):
 par new generation   total 76800K, used 74869K [0x00000006c6a00000, 0x00000006cbd50000, 0x00000006f0390000)
  eden space 68288K, 100% used [0x00000006c6a00000, 0x00000006cacb0000, 0x00000006cacb0000)
  from space 8512K,  77% used [0x00000006cb500000, 0x00000006cbb6d6e0, 0x00000006cbd50000)
  to   space 8512K,   0% used [0x00000006cacb0000, 0x00000006cacb0000, 0x00000006cb500000)
 concurrent mark-sweep generation total 170688K, used 10755K [0x00000006f0390000, 0x00000006faa40000, 0x00000007c0000000)
 Metaspace       used 18543K, capacity 18721K, committed 19072K, reserved 1067008K
  class space    used 2284K, capacity 2371K, committed 2432K, reserved 1048576K
Event: 2.916 GC heap after
Heap after GC invocations=4 (full 0):
 par new generation   total 76800K, used 7339K [0x00000006c6a00000, 0x00000006cbd50000, 0x00000006f0390000)
  eden space 68288K,   0% used [0x00000006c6a00000, 0x00000006c6a00000, 0x00000006cacb0000)
  from space 8512K,  86% used [0x00000006cacb0000, 0x00000006cb3daee0, 0x00000006cb500000)
  to   space 8512K,   0% used [0x00000006cb500000, 0x00000006cb500000, 0x00000006cbd50000)
 concurrent mark-sweep generation total 170688K, used 14515K [0x00000006f0390000, 0x00000006faa40000, 0x00000007c0000000)
 Metaspace       used 18543K, capacity 18721K, committed 19072K, reserved 1067008K
  class space    used 2284K, capacity 2371K, committed 2432K, reserved 1048576K
}
Event: 3.299 GC heap before
{Heap before GC invocations=4 (full 0):
 par new generation   total 76800K, used 75627K [0x00000006c6a00000, 0x00000006cbd50000, 0x00000006f0390000)
  eden space 68288K, 100% used [0x00000006c6a00000, 0x00000006cacb0000, 0x00000006cacb0000)
  from space 8512K,  86% used [0x00000006cacb0000, 0x00000006cb3daee0, 0x00000006cb500000)
  to   space 8512K,   0% used [0x00000006cb500000, 0x00000006cb500000, 0x00000006cbd50000)
 concurrent mark-sweep generation total 170688K, used 14515K [0x00000006f0390000, 0x00000006faa40000, 0x00000007c0000000)
 Metaspace       used 18549K, capacity 18721K, committed 19072K, reserved 1067008K
  class space    used 2284K, capacity 2371K, committed 2432K, reserved 1048576K
Event: 3.305 GC heap after
Heap after GC invocations=5 (full 0):
 par new generation   total 76800K, used 6944K [0x00000006c6a00000, 0x00000006cbd50000, 0x00000006f0390000)
  eden space 68288K,   0% used [0x00000006c6a00000, 0x00000006c6a00000, 0x00000006cacb0000)
  from space 8512K,  81% used [0x00000006cb500000, 0x00000006cbbc80a0, 0x00000006cbd50000)
  to   space 8512K,   0% used [0x00000006cacb0000, 0x00000006cacb0000, 0x00000006cb500000)
 concurrent mark-sweep generation total 170688K, used 18364K [0x00000006f0390000, 0x00000006faa40000, 0x00000007c0000000)
 Metaspace       used 18549K, capacity 18721K, committed 19072K, reserved 1067008K
  class space    used 2284K, capacity 2371K, committed 2432K, reserved 1048576K
}
Event: 3.658 GC heap before
{Heap before GC invocations=5 (full 0):
 par new generation   total 76800K, used 75232K [0x00000006c6a00000, 0x00000006cbd50000, 0x00000006f0390000)
  eden space 68288K, 100% used [0x00000006c6a00000, 0x00000006cacb0000, 0x00000006cacb0000)
  from space 8512K,  81% used [0x00000006cb500000, 0x00000006cbbc80a0, 0x00000006cbd50000)
  to   space 8512K,   0% used [0x00000006cacb0000, 0x00000006cacb0000, 0x00000006cb500000)
 concurrent mark-sweep generation total 170688K, used 18364K [0x00000006f0390000, 0x00000006faa40000, 0x00000007c0000000)
 Metaspace       used 18549K, capacity 18721K, committed 19072K, reserved 1067008K
  class space    used 2284K, capacity 2371K, committed 2432K, reserved 1048576K
Event: 3.665 GC heap after
Heap after GC invocations=6 (full 0):
 par new generation   total 76800K, used 6525K [0x00000006c6a00000, 0x00000006cbd50000, 0x00000006f0390000)
  eden space 68288K,   0% used [0x00000006c6a00000, 0x00000006c6a00000, 0x00000006cacb0000)
  from space 8512K,  76% used [0x00000006cacb0000, 0x00000006cb30f5f8, 0x00000006cb500000)
  to   space 8512K,   0% used [0x00000006cb500000, 0x00000006cb500000, 0x00000006cbd50000)
 concurrent mark-sweep generation total 170688K, used 22309K [0x00000006f0390000, 0x00000006faa40000, 0x00000007c0000000)
 Metaspace       used 18549K, capacity 18721K, committed 19072K, reserved 1067008K
  class space    used 2284K, capacity 2371K, committed 2432K, reserved 1048576K
}

