# JRE version: Java(TM) SE Runtime Environment (8.0_92-b14) (build 1.8.0_92-b14)
# Java VM: Java HotSpot(TM) 64-Bit Server VM (25.92-b14 mixed mode linux-amd64 compressed oops)
Heap:
 PSYoungGen      total 525312K, used 120310K [0x000000076ce00000, 0x000000078d800000, 0x00000007c0000000)
  eden space 516096K, 23% used [0x000000076ce00000,0x000000077429e550,0x000000078c600000)
  from space 9216K, 9% used [0x000000078cf00000,0x000000078cfdf4f0,0x000000078d800000)
  to   space 9216K, 0% used [0x000000078c600000,0x000000078c600000,0x000000078cf00000)
 ParOldGen       total 171008K, used 2864K [0x00000006c6a00000, 0x00000006d1100000, 0x000000076ce00000)
  object space 171008K, 1% used [0x00000006c6a00000,0x00000006c6ccc330,0x00000006d1100000)
 Metaspace       used 18511K, capacity 18657K, committed 18816K, reserved 1064960K
  class space    used 2307K, capacity 2371K, committed 2432K, reserved 1048576K
GC Heap History (10 events):
Event: 0.848 GC heap before
{Heap before GC invocations=4 (full 0):
 PSYoungGen      total 74752K, used 67280K [0x000000076ce00000, 0x0000000776000000, 0x00000007c0000000)
  eden space 64512K, 100% used [0x000000076ce00000,0x0000000770d00000,0x0000000770d00000)
  from space 10240K, 27% used [0x0000000770d00000,0x0000000770fb4090,0x0000000771700000)
  to   space 10240K, 0% used [0x0000000775600000,0x0000000775600000,0x0000000776000000)
 ParOldGen       total 171008K, used 32K [0x00000006c6a00000, 0x00000006d1100000, 0x000000076ce00000)
  object space 171008K, 0% used [0x00000006c6a00000,0x00000006c6a08000,0x00000006d1100000)
 Metaspace       used 15308K, capacity 15478K, committed 15616K, reserved 1062912K
  class space    used 2148K, capacity 2241K, committed 2304K, reserved 1048576K
Event: 0.852 GC heap after
Heap after GC invocations=4 (full 0):
 PSYoungGen      total 139264K, used 2800K [0x000000076ce00000, 0x0000000776000000, 0x00000007c0000000)
  eden space 129024K, 0% used [0x000000076ce00000,0x000000076ce00000,0x0000000774c00000)
  from space 10240K, 27% used [0x0000000775600000,0x00000007758bc070,0x0000000776000000)
  to   space 10240K, 0% used [0x0000000774c00000,0x0000000774c00000,0x0000000775600000)
 ParOldGen       total 171008K, used 40K [0x00000006c6a00000, 0x00000006d1100000, 0x000000076ce00000)
  object space 171008K, 0% used [0x00000006c6a00000,0x00000006c6a0a000,0x00000006d1100000)
 Metaspace       used 15308K, capacity 15478K, committed 15616K, reserved 1062912K
  class space    used 2148K, capacity 2241K, committed 2304K, reserved 1048576K
}
Event: 0.945 GC heap before
{Heap before GC invocations=5 (full 0):
 PSYoungGen      total 139264K, used 131824K [0x000000076ce00000, 0x0000000776000000, 0x00000007c0000000)
  eden space 129024K, 100% used [0x000000076ce00000,0x0000000774c00000,0x0000000774c00000)
  from space 10240K, 27% used [0x0000000775600000,0x00000007758bc070,0x0000000776000000)
  to   space 10240K, 0% used [0x0000000774c00000,0x0000000774c00000,0x0000000775600000)
 ParOldGen       total 171008K, used 40K [0x00000006c6a00000, 0x00000006d1100000, 0x000000076ce00000)
  object space 171008K, 0% used [0x00000006c6a00000,0x00000006c6a0a000,0x00000006d1100000)
 Metaspace       used 15686K, capacity 15837K, committed 16128K, reserved 1062912K
  class space    used 2157K, capacity 2241K, committed 2304K, reserved 1048576K
Event: 0.950 GC heap after
Heap after GC invocations=5 (full 0):
 PSYoungGen      total 139264K, used 3040K [0x000000076ce00000, 0x000000077de00000, 0x00000007c0000000)
  eden space 129024K, 0% used [0x000000076ce00000,0x000000076ce00000,0x0000000774c00000)
  from space 10240K, 29% used [0x0000000774c00000,0x0000000774ef8080,0x0000000775600000)
  to   space 10240K, 0% used [0x000000077d400000,0x000000077d400000,0x000000077de00000)
 ParOldGen       total 171008K, used 48K [0x00000006c6a00000, 0x00000006d1100000, 0x000000076ce00000)
  object space 171008K, 0% used [0x00000006c6a00000,0x00000006c6a0c000,0x00000006d1100000)
 Metaspace       used 15686K, capacity 15837K, committed 16128K, reserved 1062912K
  class space    used 2157K, capacity 2241K, committed 2304K, reserved 1048576K
}
Event: 1.022 GC heap before
{Heap before GC invocations=6 (full 0):
 PSYoungGen      total 139264K, used 132064K [0x000000076ce00000, 0x000000077de00000, 0x00000007c0000000)
  eden space 129024K, 100% used [0x000000076ce00000,0x0000000774c00000,0x0000000774c00000)
  from space 10240K, 29% used [0x0000000774c00000,0x0000000774ef8080,0x0000000775600000)
  to   space 10240K, 0% used [0x000000077d400000,0x000000077d400000,0x000000077de00000)
 ParOldGen       total 171008K, used 48K [0x00000006c6a00000, 0x00000006d1100000, 0x000000076ce00000)
  object space 171008K, 0% used [0x00000006c6a00000,0x00000006c6a0c000,0x00000006d1100000)
 Metaspace       used 16169K, capacity 16349K, committed 16640K, reserved 1062912K
  class space    used 2161K, capacity 2241K, committed 2304K, reserved 1048576K
Event: 1.028 GC heap after
Heap after GC invocations=6 (full 0):
 PSYoungGen      total 267264K, used 3289K [0x000000076ce00000, 0x000000077dd00000, 0x00000007c0000000)
  eden space 258048K, 0% used [0x000000076ce00000,0x000000076ce00000,0x000000077ca00000)
  from space 9216K, 35% used [0x000000077d400000,0x000000077d736768,0x000000077dd00000)
  to   space 9728K, 0% used [0x000000077ca00000,0x000000077ca00000,0x000000077d380000)
 ParOldGen       total 171008K, used 56K [0x00000006c6a00000, 0x00000006d1100000, 0x000000076ce00000)
  object space 171008K, 0% used [0x00000006c6a00000,0x00000006c6a0e000,0x00000006d1100000)
 Metaspace       used 16169K, capacity 16349K, committed 16640K, reserved 1062912K
  class space    used 2161K, capacity 2241K, committed 2304K, reserved 1048576K
}
Event: 1.138 GC heap before
{Heap before GC invocations=7 (full 0):
 PSYoungGen      total 267264K, used 261337K [0x000000076ce00000, 0x000000077dd00000, 0x00000007c0000000)
  eden space 258048K, 100% used [0x000000076ce00000,0x000000077ca00000,0x000000077ca00000)
  from space 9216K, 35% used [0x000000077d400000,0x000000077d736768,0x000000077dd00000)
  to   space 9728K, 0% used [0x000000077ca00000,0x000000077ca00000,0x000000077d380000)
 ParOldGen       total 171008K, used 56K [0x00000006c6a00000, 0x00000006d1100000, 0x000000076ce00000)
  object space 171008K, 0% used [0x00000006c6a00000,0x00000006c6a0e048,0x00000006d1100000)
 Metaspace       used 17748K, capacity 17885K, committed 18048K, reserved 1064960K
  class space    used 2224K, capacity 2305K, committed 2432K, reserved 1048576K
Event: 1.145 GC heap after
Heap after GC invocations=7 (full 0):
 PSYoungGen      total 267776K, used 1403K [0x000000076ce00000, 0x000000078d800000, 0x00000007c0000000)
  eden space 258048K, 0% used [0x000000076ce00000,0x000000076ce00000,0x000000077ca00000)
  from space 9728K, 14% used [0x000000077ca00000,0x000000077cb5ed58,0x000000077d380000)
  to   space 9216K, 0% used [0x000000078cf00000,0x000000078cf00000,0x000000078d800000)
 ParOldGen       total 171008K, used 2831K [0x00000006c6a00000, 0x00000006d1100000, 0x000000076ce00000)
  object space 171008K, 1% used [0x00000006c6a00000,0x00000006c6cc3d78,0x00000006d1100000)
 Metaspace       used 17748K, capacity 17885K, committed 18048K, reserved 1064960K
  class space    used 2224K, capacity 2305K, committed 2432K, reserved 1048576K
}
Event: 1.248 GC heap before
{Heap before GC invocations=8 (full 0):
 PSYoungGen      total 267776K, used 259451K [0x000000076ce00000, 0x000000078d800000, 0x00000007c0000000)
  eden space 258048K, 100% used [0x000000076ce00000,0x000000077ca00000,0x000000077ca00000)
  from space 9728K, 14% used [0x000000077ca00000,0x000000077cb5ed58,0x000000077d380000)
  to   space 9216K, 0% used [0x000000078cf00000,0x000000078cf00000,0x000000078d800000)
 ParOldGen       total 171008K, used 2832K [0x00000006c6a00000, 0x00000006d1100000, 0x000000076ce00000)
  object space 171008K, 1% used [0x00000006c6a00000,0x00000006c6cc4330,0x00000006d1100000)
 Metaspace       used 18373K, capacity 18529K, committed 18816K, reserved 1064960K
  class space    used 2287K, capacity 2371K, committed 2432K, reserved 1048576K
Event: 1.250 GC heap after
Heap after GC invocations=8 (full 0):
 PSYoungGen      total 525312K, used 893K [0x000000076ce00000, 0x000000078d800000, 0x00000007c0000000)
  eden space 516096K, 0% used [0x000000076ce00000,0x000000076ce00000,0x000000078c600000)
  from space 9216K, 9% used [0x000000078cf00000,0x000000078cfdf4f0,0x000000078d800000)
  to   space 9216K, 0% used [0x000000078c600000,0x000000078c600000,0x000000078cf00000)
 ParOldGen       total 171008K, used 2864K [0x00000006c6a00000, 0x00000006d1100000, 0x000000076ce00000)
  object space 171008K, 1% used [0x00000006c6a00000,0x00000006c6ccc330,0x00000006d1100000)
 Metaspace       used 18373K, capacity 18529K, committed 18816K, reserved 1064960K
  class space    used 2287K, capacity 2371K, committed 2432K, reserved 1048576K
}

