# JRE version: Java(TM) SE Runtime Environment (8.0_92-b14) (build 1.8.0_92-b14)
# Java VM: Java HotSpot(TM) 64-Bit Server VM (25.92-b14 mixed mode linux-amd64 compressed oops)
Heap:
 par new generation   total 613440K, used 321588K [0x00000006c6a00000, 0x00000006f0390000, 0x00000006f0390000)
  eden space 545344K,  49% used [0x00000006c6a00000, 0x00000006d6ff13f8, 0x00000006e7e90000)
  from space 68096K,  78% used [0x00000006ec110000, 0x00000006ef52be00, 0x00000006f0390000)
  to   space 68096K,   0% used [0x00000006e7e90000, 0x00000006e7e90000, 0x00000006ec110000)
 concurrent mark-sweep generation total 2133036K, used 1053338K [0x00000006f0390000, 0x000000077269b000, 0x00000007c0000000)
 Metaspace       used 29191K, capacity 29371K, committed 29696K, reserved 1075200K
  class space    used 3883K, capacity 3976K, committed 4096K, reserved 1048576K
GC Heap History (10 events):
Event: 132.334 GC heap before
{Heap before GC invocations=236 (full 18):
 par new generation   total 613440K, used 600169K [0x00000006c6a00000, 0x00000006f0390000, 0x00000006f0390000)
  eden space 545344K, 100% used [0x00000006c6a00000, 0x00000006e7e90000, 0x00000006e7e90000)
  from space 68096K,  80% used [0x00000006e7e90000, 0x00000006eb41a640, 0x00000006ec110000)
  to   space 68096K,   0% used [0x00000006ec110000, 0x00000006ec110000, 0x00000006f0390000)
 concurrent mark-sweep generation total 2133036K, used 1000551K [0x00000006f0390000, 0x000000077269b000, 0x00000007c0000000)
 Metaspace       used 29140K, capacity 29339K, committed 29568K, reserved 1075200K
  class space    used 3881K, capacity 3944K, committed 3968K, reserved 1048576K
Event: 132.367 GC heap after
Heap after GC invocations=237 (full 18):
 par new generation   total 613440K, used 50140K [0x00000006c6a00000, 0x00000006f0390000, 0x00000006f0390000)
  eden space 545344K,   0% used [0x00000006c6a00000, 0x00000006c6a00000, 0x00000006e7e90000)
  from space 68096K,  73% used [0x00000006ec110000, 0x00000006ef207148, 0x00000006f0390000)
  to   space 68096K,   0% used [0x00000006e7e90000, 0x00000006e7e90000, 0x00000006ec110000)
 concurrent mark-sweep generation total 2133036K, used 1011084K [0x00000006f0390000, 0x000000077269b000, 0x00000007c0000000)
 Metaspace       used 29140K, capacity 29339K, committed 29568K, reserved 1075200K
  class space    used 3881K, capacity 3944K, committed 3968K, reserved 1048576K
}
Event: 134.229 GC heap before
{Heap before GC invocations=237 (full 18):
 par new generation   total 613440K, used 595484K [0x00000006c6a00000, 0x00000006f0390000, 0x00000006f0390000)
  eden space 545344K, 100% used [0x00000006c6a00000, 0x00000006e7e90000, 0x00000006e7e90000)
  from space 68096K,  73% used [0x00000006ec110000, 0x00000006ef207148, 0x00000006f0390000)
  to   space 68096K,   0% used [0x00000006e7e90000, 0x00000006e7e90000, 0x00000006ec110000)
 concurrent mark-sweep generation total 2133036K, used 1011084K [0x00000006f0390000, 0x000000077269b000, 0x00000007c0000000)
 Metaspace       used 29177K, capacity 29339K, committed 29568K, reserved 1075200K
  class space    used 3881K, capacity 3944K, committed 3968K, reserved 1048576K
Event: 134.262 GC heap after
Heap after GC invocations=238 (full 18):
 par new generation   total 613440K, used 59348K [0x00000006c6a00000, 0x00000006f0390000, 0x00000006f0390000)
  eden space 545344K,   0% used [0x00000006c6a00000, 0x00000006c6a00000, 0x00000006e7e90000)
  from space 68096K,  87% used [0x00000006e7e90000, 0x00000006eb885098, 0x00000006ec110000)
  to   space 68096K,   0% used [0x00000006ec110000, 0x00000006ec110000, 0x00000006f0390000)
 concurrent mark-sweep generation total 2133036K, used 1021830K [0x00000006f0390000, 0x000000077269b000, 0x00000007c0000000)
 Metaspace       used 29177K, capacity 29339K, committed 29568K, reserved 1075200K
  class space    used 3881K, capacity 3944K, committed 3968K, reserved 1048576K
}
Event: 136.090 GC heap before
{Heap before GC invocations=238 (full 18):
 par new generation   total 613440K, used 604692K [0x00000006c6a00000, 0x00000006f0390000, 0x00000006f0390000)
  eden space 545344K, 100% used [0x00000006c6a00000, 0x00000006e7e90000, 0x00000006e7e90000)
  from space 68096K,  87% used [0x00000006e7e90000, 0x00000006eb885098, 0x00000006ec110000)
  to   space 68096K,   0% used [0x00000006ec110000, 0x00000006ec110000, 0x00000006f0390000)
 concurrent mark-sweep generation total 2133036K, used 1021830K [0x00000006f0390000, 0x000000077269b000, 0x00000007c0000000)
 Metaspace       used 29177K, capacity 29339K, committed 29568K, reserved 1075200K
  class space    used 3881K, capacity 3944K, committed 3968K, reserved 1048576K
Event: 136.124 GC heap after
Heap after GC invocations=239 (full 18):
 par new generation   total 613440K, used 58508K [0x00000006c6a00000, 0x00000006f0390000, 0x00000006f0390000)
  eden space 545344K,   0% used [0x00000006c6a00000, 0x00000006c6a00000, 0x00000006e7e90000)
  from space 68096K,  85% used [0x00000006ec110000, 0x00000006efa33080, 0x00000006f0390000)
  to   space 68096K,   0% used [0x00000006e7e90000, 0x00000006e7e90000, 0x00000006ec110000)
 concurrent mark-sweep generation total 2133036K, used 1032527K [0x00000006f0390000, 0x000000077269b000, 0x00000007c0000000)
 Metaspace       used 29177K, capacity 29339K, committed 29568K, reserved 1075200K
  class space    used 3881K, capacity 3944K, committed 3968K, reserved 1048576K
}
Event: 137.968 GC heap before
{Heap before GC invocations=239 (full 18):
 par new generation   total 613440K, used 603852K [0x00000006c6a00000, 0x00000006f0390000, 0x00000006f0390000)
  eden space 545344K, 100% used [0x00000006c6a00000, 0x00000006e7e90000, 0x00000006e7e90000)
  from space 68096K,  85% used [0x00000006ec110000, 0x00000006efa33080, 0x00000006f0390000)
  to   space 68096K,   0% used [0x00000006e7e90000, 0x00000006e7e90000, 0x00000006ec110000)
 concurrent mark-sweep generation total 2133036K, used 1032527K [0x00000006f0390000, 0x000000077269b000, 0x00000007c0000000)
 Metaspace       used 29178K, capacity 29339K, committed 29568K, reserved 1075200K
  class space    used 3881K, capacity 3944K, committed 3968K, reserved 1048576K
Event: 138.001 GC heap after
Heap after GC invocations=240 (full 18):
 par new generation   total 613440K, used 53629K [0x00000006c6a00000, 0x00000006f0390000, 0x00000006f0390000)
  eden space 545344K,   0% used [0x00000006c6a00000, 0x00000006c6a00000, 0x00000006e7e90000)
  from space 68096K,  78% used [0x00000006e7e90000, 0x00000006eb2ef420, 0x00000006ec110000)
  to   space 68096K,   0% used [0x00000006ec110000, 0x00000006ec110000, 0x00000006f0390000)
 concurrent mark-sweep generation total 2133036K, used 1043176K [0x00000006f0390000, 0x000000077269b000, 0x00000007c0000000)
 Metaspace       used 29178K, capacity 29339K, committed 29568K, reserved 1075200K
  class space    used 3881K, capacity 3944K, committed 3968K, reserved 1048576K
}
Event: 139.836 GC heap before
{Heap before GC invocations=240 (full 18):
 par new generation   total 613440K, used 598973K [0x00000006c6a00000, 0x00000006f0390000, 0x00000006f0390000)
  eden space 545344K, 100% used [0x00000006c6a00000, 0x00000006e7e90000, 0x00000006e7e90000)
  from space 68096K,  78% used [0x00000006e7e90000, 0x00000006eb2ef420, 0x00000006ec110000)
  to   space 68096K,   0% used [0x00000006ec110000, 0x00000006ec110000, 0x00000006f0390000)
 concurrent mark-sweep generation total 2133036K, used 1043176K [0x00000006f0390000, 0x000000077269b000, 0x00000007c0000000)
 Metaspace       used 29178K, capacity 29339K, committed 29568K, reserved 1075200K
  class space    used 3881K, capacity 3944K, committed 3968K, reserved 1048576K
Event: 139.868 GC heap after
Heap after GC invocations=241 (full 18):
 par new generation   total 613440K, used 53359K [0x00000006c6a00000, 0x00000006f0390000, 0x00000006f0390000)
  eden space 545344K,   0% used [0x00000006c6a00000, 0x00000006c6a00000, 0x00000006e7e90000)
  from space 68096K,  78% used [0x00000006ec110000, 0x00000006ef52be00, 0x00000006f0390000)
  to   space 68096K,   0% used [0x00000006e7e90000, 0x00000006e7e90000, 0x00000006ec110000)
 concurrent mark-sweep generation total 2133036K, used 1053338K [0x00000006f0390000, 0x000000077269b000, 0x00000007c0000000)
 Metaspace       used 29178K, capacity 29339K, committed 29568K, reserved 1075200K
  class space    used 3881K, capacity 3944K, committed 3968K, reserved 1048576K
}

