# JRE version: Java(TM) SE Runtime Environment (8.0_92-b14) (build 1.8.0_92-b14)
# Java VM: Java HotSpot(TM) 64-Bit Server VM (25.92-b14 mixed mode linux-amd64 compressed oops)
Heap:
 par new generation   total 76800K, used 49334K [0x00000006c6a00000, 0x00000006cbd50000, 0x00000006f0390000)
  eden space 68288K,  59% used [0x00000006c6a00000, 0x00000006c91efdf8, 0x00000006cacb0000)
  from space 8512K,  99% used [0x00000006cacb0000, 0x00000006cb4edd58, 0x00000006cb500000)
  to   space 8512K,   0% used [0x00000006cb500000, 0x00000006cb500000, 0x00000006cbd50000)
 concurrent mark-sweep generation total 219332K, used 105833K [0x00000006f0390000, 0x00000006fd9c1000, 0x00000007c0000000)
 Metaspace       used 29033K, capacity 29211K, committed 29556K, reserved 1075200K
  class space    used 3869K, capacity 3944K, committed 3956K, reserved 1048576K
GC Heap History (10 events):
Event: 11.203 GC heap before
{Heap before GC invocations=39 (full 2):
 par new generation   total 76800K, used 68608K [0x00000006c6a00000, 0x00000006cbd50000, 0x00000006f0390000)
  eden space 68288K, 100% used [0x00000006c6a00000, 0x00000006cacb0000, 0x00000006cacb0000)
  from space 8512K,   3% used [0x00000006cb500000, 0x00000006cb5500a0, 0x00000006cbd50000)
  to   space 8512K,   0% used [0x00000006cacb0000, 0x00000006cacb0000, 0x00000006cb500000)
 concurrent mark-sweep generation total 219332K, used 103829K [0x00000006f0390000, 0x00000006fd9c1000, 0x00000007c0000000)
 Metaspace       used 29020K, capacity 29179K, committed 29556K, reserved 1075200K
  class space    used 3868K, capacity 3912K, committed 3956K, reserved 1048576K
Event: 11.205 GC heap after
Heap after GC invocations=40 (full 2):
 par new generation   total 76800K, used 825K [0x00000006c6a00000, 0x00000006cbd50000, 0x00000006f0390000)
  eden space 68288K,   0% used [0x00000006c6a00000, 0x00000006c6a00000, 0x00000006cacb0000)
  from space 8512K,   9% used [0x00000006cacb0000, 0x00000006cad7e480, 0x00000006cb500000)
  to   space 8512K,   0% used [0x00000006cb500000, 0x00000006cb500000, 0x00000006cbd50000)
 concurrent mark-sweep generation total 219332K, used 103829K [0x00000006f0390000, 0x00000006fd9c1000, 0x00000007c0000000)
 Metaspace       used 29020K, capacity 29179K, committed 29556K, reserved 1075200K
  class space    used 3868K, capacity 3912K, committed 3956K, reserved 1048576K
}
Event: 11.670 GC heap before
{Heap before GC invocations=40 (full 2):
 par new generation   total 76800K, used 69113K [0x00000006c6a00000, 0x00000006cbd50000, 0x00000006f0390000)
  eden space 68288K, 100% used [0x00000006c6a00000, 0x00000006cacb0000, 0x00000006cacb0000)
  from space 8512K,   9% used [0x00000006cacb0000, 0x00000006cad7e480, 0x00000006cb500000)
  to   space 8512K,   0% used [0x00000006cb500000, 0x00000006cb500000, 0x00000006cbd50000)
 concurrent mark-sweep generation total 219332K, used 103829K [0x00000006f0390000, 0x00000006fd9c1000, 0x00000007c0000000)
 Metaspace       used 29020K, capacity 29179K, committed 29556K, reserved 1075200K
  class space    used 3868K, capacity 3912K, committed 3956K, reserved 1048576K
Event: 11.675 GC heap after
Heap after GC invocations=41 (full 2):
 par new generation   total 76800K, used 3176K [0x00000006c6a00000, 0x00000006cbd50000, 0x00000006f0390000)
  eden space 68288K,   0% used [0x00000006c6a00000, 0x00000006c6a00000, 0x00000006cacb0000)
  from space 8512K,  37% used [0x00000006cb500000, 0x00000006cb81a3e8, 0x00000006cbd50000)
  to   space 8512K,   0% used [0x00000006cacb0000, 0x00000006cacb0000, 0x00000006cb500000)
 concurrent mark-sweep generation total 219332K, used 103872K [0x00000006f0390000, 0x00000006fd9c1000, 0x00000007c0000000)
 Metaspace       used 29020K, capacity 29179K, committed 29556K, reserved 1075200K
  class space    used 3868K, capacity 3912K, committed 3956K, reserved 1048576K
}
Event: 12.158 GC heap before
{Heap before GC invocations=41 (full 2):
 par new generation   total 76800K, used 71464K [0x00000006c6a00000, 0x00000006cbd50000, 0x00000006f0390000)
  eden space 68288K, 100% used [0x00000006c6a00000, 0x00000006cacb0000, 0x00000006cacb0000)
  from space 8512K,  37% used [0x00000006cb500000, 0x00000006cb81a3e8, 0x00000006cbd50000)
  to   space 8512K,   0% used [0x00000006cacb0000, 0x00000006cacb0000, 0x00000006cb500000)
 concurrent mark-sweep generation total 219332K, used 103872K [0x00000006f0390000, 0x00000006fd9c1000, 0x00000007c0000000)
 Metaspace       used 29023K, capacity 29179K, committed 29556K, reserved 1075200K
  class space    used 3868K, capacity 3912K, committed 3956K, reserved 1048576K
Event: 12.163 GC heap after
Heap after GC invocations=42 (full 2):
 par new generation   total 76800K, used 4985K [0x00000006c6a00000, 0x00000006cbd50000, 0x00000006f0390000)
  eden space 68288K,   0% used [0x00000006c6a00000, 0x00000006c6a00000, 0x00000006cacb0000)
  from space 8512K,  58% used [0x00000006cacb0000, 0x00000006cb18e478, 0x00000006cb500000)
  to   space 8512K,   0% used [0x00000006cb500000, 0x00000006cb500000, 0x00000006cbd50000)
 concurrent mark-sweep generation total 219332K, used 103914K [0x00000006f0390000, 0x00000006fd9c1000, 0x00000007c0000000)
 Metaspace       used 29023K, capacity 29179K, committed 29556K, reserved 1075200K
  class space    used 3868K, capacity 3912K, committed 3956K, reserved 1048576K
}
Event: 12.669 GC heap before
{Heap before GC invocations=42 (full 2):
 par new generation   total 76800K, used 73273K [0x00000006c6a00000, 0x00000006cbd50000, 0x00000006f0390000)
  eden space 68288K, 100% used [0x00000006c6a00000, 0x00000006cacb0000, 0x00000006cacb0000)
  from space 8512K,  58% used [0x00000006cacb0000, 0x00000006cb18e478, 0x00000006cb500000)
  to   space 8512K,   0% used [0x00000006cb500000, 0x00000006cb500000, 0x00000006cbd50000)
 concurrent mark-sweep generation total 219332K, used 103914K [0x00000006f0390000, 0x00000006fd9c1000, 0x00000007c0000000)
 Metaspace       used 29023K, capacity 29179K, committed 29556K, reserved 1075200K
  class space    used 3868K, capacity 3912K, committed 3956K, reserved 1048576K
Event: 12.674 GC heap after
Heap after GC invocations=43 (full 2):
 par new generation   total 76800K, used 7145K [0x00000006c6a00000, 0x00000006cbd50000, 0x00000006f0390000)
  eden space 68288K,   0% used [0x00000006c6a00000, 0x00000006c6a00000, 0x00000006cacb0000)
  from space 8512K,  83% used [0x00000006cb500000, 0x00000006cbbfa680, 0x00000006cbd50000)
  to   space 8512K,   0% used [0x00000006cacb0000, 0x00000006cacb0000, 0x00000006cb500000)
 concurrent mark-sweep generation total 219332K, used 103984K [0x00000006f0390000, 0x00000006fd9c1000, 0x00000007c0000000)
 Metaspace       used 29023K, capacity 29179K, committed 29556K, reserved 1075200K
  class space    used 3868K, capacity 3912K, committed 3956K, reserved 1048576K
}
Event: 13.163 GC heap before
{Heap before GC invocations=43 (full 2):
 par new generation   total 76800K, used 75433K [0x00000006c6a00000, 0x00000006cbd50000, 0x00000006f0390000)
  eden space 68288K, 100% used [0x00000006c6a00000, 0x00000006cacb0000, 0x00000006cacb0000)
  from space 8512K,  83% used [0x00000006cb500000, 0x00000006cbbfa680, 0x00000006cbd50000)
  to   space 8512K,   0% used [0x00000006cacb0000, 0x00000006cacb0000, 0x00000006cb500000)
 concurrent mark-sweep generation total 219332K, used 103984K [0x00000006f0390000, 0x00000006fd9c1000, 0x00000007c0000000)
 Metaspace       used 29023K, capacity 29179K, committed 29556K, reserved 1075200K
  class space    used 3868K, capacity 3912K, committed 3956K, reserved 1048576K
Event: 13.169 GC heap after
Heap after GC invocations=44 (full 2):
 par new generation   total 76800K, used 8439K [0x00000006c6a00000, 0x00000006cbd50000, 0x00000006f0390000)
  eden space 68288K,   0% used [0x00000006c6a00000, 0x00000006c6a00000, 0x00000006cacb0000)
  from space 8512K,  99% used [0x00000006cacb0000, 0x00000006cb4edd58, 0x00000006cb500000)
  to   space 8512K,   0% used [0x00000006cb500000, 0x00000006cb500000, 0x00000006cbd50000)
 concurrent mark-sweep generation total 219332K, used 105833K [0x00000006f0390000, 0x00000006fd9c1000, 0x00000007c0000000)
 Metaspace       used 29023K, capacity 29179K, committed 29556K, reserved 1075200K
  class space    used 3868K, capacity 3912K, committed 3956K, reserved 1048576K
}

