# JRE version: Java(TM) SE Runtime Environment (8.0_92-b14) (build 1.8.0_92-b14)
# Java VM: Java HotSpot(TM) 64-Bit Server VM (25.92-b14 mixed mode linux-amd64 compressed oops)
Heap:
 par new generation   total 76800K, used 28037K [0x00000006c6a00000, 0x00000006cbd50000, 0x00000006f0390000)
  eden space 68288K,  32% used [0x00000006c6a00000, 0x00000006c7f61170, 0x00000006cacb0000)
  from space 8512K,  72% used [0x00000006cb500000, 0x00000006cbb00480, 0x00000006cbd50000)
  to   space 8512K,   0% used [0x00000006cacb0000, 0x00000006cacb0000, 0x00000006cb500000)
 concurrent mark-sweep generation total 170688K, used 6788K [0x00000006f0390000, 0x00000006faa40000, 0x00000007c0000000)
 Metaspace       used 18639K, capacity 18785K, committed 19072K, reserved 1067008K
  class space    used 2293K, capacity 2371K, committed 2432K, reserved 1048576K
GC Heap History (6 events):
Event: 1.225 GC heap before
{Heap before GC invocations=0 (full 0):
 par new generation   total 76800K, used 68288K [0x00000006c6a00000, 0x00000006cbd50000, 0x00000006f0390000)
  eden space 68288K, 100% used [0x00000006c6a00000, 0x00000006cacb0000, 0x00000006cacb0000)
  from space 8512K,   0% used [0x00000006cacb0000, 0x00000006cacb0000, 0x00000006cb500000)
  to   space 8512K,   0% used [0x00000006cb500000, 0x00000006cb500000, 0x00000006cbd50000)
 concurrent mark-sweep generation total 170688K, used 0K [0x00000006f0390000, 0x00000006faa40000, 0x00000007c0000000)
 Metaspace       used 18148K, capacity 18273K, committed 18560K, reserved 1064960K
  class space    used 2288K, capacity 2371K, committed 2432K, reserved 1048576K
Event: 1.232 GC heap after
Heap after GC invocations=1 (full 0):
 par new generation   total 76800K, used 8511K [0x00000006c6a00000, 0x00000006cbd50000, 0x00000006f0390000)
  eden space 68288K,   0% used [0x00000006c6a00000, 0x00000006c6a00000, 0x00000006cacb0000)
  from space 8512K,  99% used [0x00000006cb500000, 0x00000006cbd4fff8, 0x00000006cbd50000)
  to   space 8512K,   0% used [0x00000006cacb0000, 0x00000006cacb0000, 0x00000006cb500000)
 concurrent mark-sweep generation total 170688K, used 3328K [0x00000006f0390000, 0x00000006faa40000, 0x00000007c0000000)
 Metaspace       used 18148K, capacity 18273K, committed 18560K, reserved 1064960K
  class space    used 2288K, capacity 2371K, committed 2432K, reserved 1048576K
}
Event: 1.926 GC heap before
{Heap before GC invocations=1 (full 0):
 par new generation   total 76800K, used 76799K [0x00000006c6a00000, 0x00000006cbd50000, 0x00000006f0390000)
  eden space 68288K, 100% used [0x00000006c6a00000, 0x00000006cacb0000, 0x00000006cacb0000)
  from space 8512K,  99% used [0x00000006cb500000, 0x00000006cbd4fff8, 0x00000006cbd50000)
  to   space 8512K,   0% used [0x00000006cacb0000, 0x00000006cacb0000, 0x00000006cb500000)
 concurrent mark-sweep generation total 170688K, used 3328K [0x00000006f0390000, 0x00000006faa40000, 0x00000007c0000000)
 Metaspace       used 18571K, capacity 18785K, committed 19072K, reserved 1067008K
  class space    used 2289K, capacity 2371K, committed 2432K, reserved 1048576K
Event: 1.947 GC heap after
Heap after GC invocations=2 (full 0):
 par new generation   total 76800K, used 4752K [0x00000006c6a00000, 0x00000006cbd50000, 0x00000006f0390000)
  eden space 68288K,   0% used [0x00000006c6a00000, 0x00000006c6a00000, 0x00000006cacb0000)
  from space 8512K,  55% used [0x00000006cacb0000, 0x00000006cb1540d8, 0x00000006cb500000)
  to   space 8512K,   0% used [0x00000006cb500000, 0x00000006cb500000, 0x00000006cbd50000)
 concurrent mark-sweep generation total 170688K, used 6788K [0x00000006f0390000, 0x00000006faa40000, 0x00000007c0000000)
 Metaspace       used 18571K, capacity 18785K, committed 19072K, reserved 1067008K
  class space    used 2289K, capacity 2371K, committed 2432K, reserved 1048576K
}
Event: 2.821 GC heap before
{Heap before GC invocations=2 (full 0):
 par new generation   total 76800K, used 73040K [0x00000006c6a00000, 0x00000006cbd50000, 0x00000006f0390000)
  eden space 68288K, 100% used [0x00000006c6a00000, 0x00000006cacb0000, 0x00000006cacb0000)
  from space 8512K,  55% used [0x00000006cacb0000, 0x00000006cb1540d8, 0x00000006cb500000)
  to   space 8512K,   0% used [0x00000006cb500000, 0x00000006cb500000, 0x00000006cbd50000)
 concurrent mark-sweep generation total 170688K, used 6788K [0x00000006f0390000, 0x00000006faa40000, 0x00000007c0000000)
 Metaspace       used 18591K, capacity 18785K, committed 19072K, reserved 1067008K
  class space    used 2289K, capacity 2371K, committed 2432K, reserved 1048576K
Event: 2.826 GC heap after
Heap after GC invocations=3 (full 0):
 par new generation   total 76800K, used 6145K [0x00000006c6a00000, 0x00000006cbd50000, 0x00000006f0390000)
  eden space 68288K,   0% used [0x00000006c6a00000, 0x00000006c6a00000, 0x00000006cacb0000)
  from space 8512K,  72% used [0x00000006cb500000, 0x00000006cbb00480, 0x00000006cbd50000)
  to   space 8512K,   0% used [0x00000006cacb0000, 0x00000006cacb0000, 0x00000006cb500000)
 concurrent mark-sweep generation total 170688K, used 6788K [0x00000006f0390000, 0x00000006faa40000, 0x00000007c0000000)
 Metaspace       used 18591K, capacity 18785K, committed 19072K, reserved 1067008K
  class space    used 2289K, capacity 2371K, committed 2432K, reserved 1048576K
}

