# JRE version: Java(TM) SE Runtime Environment (8.0_92-b14) (build 1.8.0_92-b14)
# Java VM: Java HotSpot(TM) 64-Bit Server VM (25.92-b14 mixed mode linux-amd64 compressed oops)
Heap:
 par new generation   total 76800K, used 57121K [0x00000006c6a00000, 0x00000006cbd50000, 0x00000006f0390000)
  eden space 68288K,  71% used [0x00000006c6a00000, 0x00000006c99d3c10, 0x00000006cacb0000)
  from space 8512K,  95% used [0x00000006cacb0000, 0x00000006cb4a4940, 0x00000006cb500000)
  to   space 8512K,   0% used [0x00000006cb500000, 0x00000006cb500000, 0x00000006cbd50000)
 concurrent mark-sweep generation total 170688K, used 89429K [0x00000006f0390000, 0x00000006faa40000, 0x00000007c0000000)
 Metaspace       used 18812K, capacity 19009K, committed 19328K, reserved 1067008K
  class space    used 2321K, capacity 2403K, committed 2432K, reserved 1048576K
GC Heap History (10 events):
Event: 40.333 GC heap before
{Heap before GC invocations=51 (full 1):
 par new generation   total 76800K, used 76800K [0x00000006c6a00000, 0x00000006cbd50000, 0x00000006f0390000)
  eden space 68288K, 100% used [0x00000006c6a00000, 0x00000006cacb0000, 0x00000006cacb0000)
  from space 8512K, 100% used [0x00000006cb500000, 0x00000006cbd50000, 0x00000006cbd50000)
  to   space 8512K,   0% used [0x00000006cacb0000, 0x00000006cacb0000, 0x00000006cb500000)
 concurrent mark-sweep generation total 170688K, used 86745K [0x00000006f0390000, 0x00000006faa40000, 0x00000007c0000000)
 Metaspace       used 18805K, capacity 19009K, committed 19328K, reserved 1067008K
  class space    used 2319K, capacity 2403K, committed 2432K, reserved 1048576K
Event: 40.339 GC heap after
Heap after GC invocations=52 (full 1):
 par new generation   total 76800K, used 6764K [0x00000006c6a00000, 0x00000006cbd50000, 0x00000006f0390000)
  eden space 68288K,   0% used [0x00000006c6a00000, 0x00000006c6a00000, 0x00000006cacb0000)
  from space 8512K,  79% used [0x00000006cacb0000, 0x00000006cb34b090, 0x00000006cb500000)
  to   space 8512K,   0% used [0x00000006cb500000, 0x00000006cb500000, 0x00000006cbd50000)
 concurrent mark-sweep generation total 170688K, used 88217K [0x00000006f0390000, 0x00000006faa40000, 0x00000007c0000000)
 Metaspace       used 18805K, capacity 19009K, committed 19328K, reserved 1067008K
  class space    used 2319K, capacity 2403K, committed 2432K, reserved 1048576K
}
Event: 40.821 GC heap before
{Heap before GC invocations=52 (full 1):
 par new generation   total 76800K, used 75052K [0x00000006c6a00000, 0x00000006cbd50000, 0x00000006f0390000)
  eden space 68288K, 100% used [0x00000006c6a00000, 0x00000006cacb0000, 0x00000006cacb0000)
  from space 8512K,  79% used [0x00000006cacb0000, 0x00000006cb34b090, 0x00000006cb500000)
  to   space 8512K,   0% used [0x00000006cb500000, 0x00000006cb500000, 0x00000006cbd50000)
 concurrent mark-sweep generation total 170688K, used 83592K [0x00000006f0390000, 0x00000006faa40000, 0x00000007c0000000)
 Metaspace       used 18805K, capacity 19009K, committed 19328K, reserved 1067008K
  class space    used 2319K, capacity 2403K, committed 2432K, reserved 1048576K
Event: 40.826 GC heap after
Heap after GC invocations=53 (full 1):
 par new generation   total 76800K, used 8093K [0x00000006c6a00000, 0x00000006cbd50000, 0x00000006f0390000)
  eden space 68288K,   0% used [0x00000006c6a00000, 0x00000006c6a00000, 0x00000006cacb0000)
  from space 8512K,  95% used [0x00000006cb500000, 0x00000006cbce7440, 0x00000006cbd50000)
  to   space 8512K,   0% used [0x00000006cacb0000, 0x00000006cacb0000, 0x00000006cb500000)
 concurrent mark-sweep generation total 170688K, used 85066K [0x00000006f0390000, 0x00000006faa40000, 0x00000007c0000000)
 Metaspace       used 18805K, capacity 19009K, committed 19328K, reserved 1067008K
  class space    used 2319K, capacity 2403K, committed 2432K, reserved 1048576K
}
Event: 41.280 GC heap before
{Heap before GC invocations=53 (full 1):
 par new generation   total 76800K, used 76381K [0x00000006c6a00000, 0x00000006cbd50000, 0x00000006f0390000)
  eden space 68288K, 100% used [0x00000006c6a00000, 0x00000006cacb0000, 0x00000006cacb0000)
  from space 8512K,  95% used [0x00000006cb500000, 0x00000006cbce7440, 0x00000006cbd50000)
  to   space 8512K,   0% used [0x00000006cacb0000, 0x00000006cacb0000, 0x00000006cb500000)
 concurrent mark-sweep generation total 170688K, used 85066K [0x00000006f0390000, 0x00000006faa40000, 0x00000007c0000000)
 Metaspace       used 18805K, capacity 19009K, committed 19328K, reserved 1067008K
  class space    used 2319K, capacity 2403K, committed 2432K, reserved 1048576K
Event: 41.286 GC heap after
Heap after GC invocations=54 (full 1):
 par new generation   total 76800K, used 7404K [0x00000006c6a00000, 0x00000006cbd50000, 0x00000006f0390000)
  eden space 68288K,   0% used [0x00000006c6a00000, 0x00000006c6a00000, 0x00000006cacb0000)
  from space 8512K,  86% used [0x00000006cacb0000, 0x00000006cb3eb180, 0x00000006cb500000)
  to   space 8512K,   0% used [0x00000006cb500000, 0x00000006cb500000, 0x00000006cbd50000)
 concurrent mark-sweep generation total 170688K, used 86498K [0x00000006f0390000, 0x00000006faa40000, 0x00000007c0000000)
 Metaspace       used 18805K, capacity 19009K, committed 19328K, reserved 1067008K
  class space    used 2319K, capacity 2403K, committed 2432K, reserved 1048576K
}
Event: 41.754 GC heap before
{Heap before GC invocations=54 (full 1):
 par new generation   total 76800K, used 75692K [0x00000006c6a00000, 0x00000006cbd50000, 0x00000006f0390000)
  eden space 68288K, 100% used [0x00000006c6a00000, 0x00000006cacb0000, 0x00000006cacb0000)
  from space 8512K,  86% used [0x00000006cacb0000, 0x00000006cb3eb180, 0x00000006cb500000)
  to   space 8512K,   0% used [0x00000006cb500000, 0x00000006cb500000, 0x00000006cbd50000)
 concurrent mark-sweep generation total 170688K, used 86498K [0x00000006f0390000, 0x00000006faa40000, 0x00000007c0000000)
 Metaspace       used 18805K, capacity 19009K, committed 19328K, reserved 1067008K
  class space    used 2319K, capacity 2403K, committed 2432K, reserved 1048576K
Event: 41.759 GC heap after
Heap after GC invocations=55 (full 1):
 par new generation   total 76800K, used 8122K [0x00000006c6a00000, 0x00000006cbd50000, 0x00000006f0390000)
  eden space 68288K,   0% used [0x00000006c6a00000, 0x00000006c6a00000, 0x00000006cacb0000)
  from space 8512K,  95% used [0x00000006cb500000, 0x00000006cbcee9a0, 0x00000006cbd50000)
  to   space 8512K,   0% used [0x00000006cacb0000, 0x00000006cacb0000, 0x00000006cb500000)
 concurrent mark-sweep generation total 170688K, used 87964K [0x00000006f0390000, 0x00000006faa40000, 0x00000007c0000000)
 Metaspace       used 18805K, capacity 19009K, committed 19328K, reserved 1067008K
  class space    used 2319K, capacity 2403K, committed 2432K, reserved 1048576K
}
Event: 42.217 GC heap before
{Heap before GC invocations=55 (full 1):
 par new generation   total 76800K, used 76410K [0x00000006c6a00000, 0x00000006cbd50000, 0x00000006f0390000)
  eden space 68288K, 100% used [0x00000006c6a00000, 0x00000006cacb0000, 0x00000006cacb0000)
  from space 8512K,  95% used [0x00000006cb500000, 0x00000006cbcee9a0, 0x00000006cbd50000)
  to   space 8512K,   0% used [0x00000006cacb0000, 0x00000006cacb0000, 0x00000006cb500000)
 concurrent mark-sweep generation total 170688K, used 87964K [0x00000006f0390000, 0x00000006faa40000, 0x00000007c0000000)
 Metaspace       used 18805K, capacity 19009K, committed 19328K, reserved 1067008K
  class space    used 2319K, capacity 2403K, committed 2432K, reserved 1048576K
Event: 42.222 GC heap after
Heap after GC invocations=56 (full 1):
 par new generation   total 76800K, used 8146K [0x00000006c6a00000, 0x00000006cbd50000, 0x00000006f0390000)
  eden space 68288K,   0% used [0x00000006c6a00000, 0x00000006c6a00000, 0x00000006cacb0000)
  from space 8512K,  95% used [0x00000006cacb0000, 0x00000006cb4a4940, 0x00000006cb500000)
  to   space 8512K,   0% used [0x00000006cb500000, 0x00000006cb500000, 0x00000006cbd50000)
 concurrent mark-sweep generation total 170688K, used 89429K [0x00000006f0390000, 0x00000006faa40000, 0x00000007c0000000)
 Metaspace       used 18805K, capacity 19009K, committed 19328K, reserved 1067008K
  class space    used 2319K, capacity 2403K, committed 2432K, reserved 1048576K
}

