# JRE version: Java(TM) SE Runtime Environment (8.0_92-b14) (build 1.8.0_92-b14)
# Java VM: Java HotSpot(TM) 64-Bit Server VM (25.92-b14 mixed mode linux-amd64 compressed oops)
Heap:
 PSYoungGen      total 266240K, used 261807K [0x000000076ce00000, 0x000000077dc00000, 0x00000007c0000000)
  eden space 258048K, 100% used [0x000000076ce00000,0x000000077ca00000,0x000000077ca00000)
  from space 8192K, 45% used [0x000000077d400000,0x000000077d7abdc0,0x000000077dc00000)
  to   space 9216K, 2% used [0x000000077ca00000,0x000000077ca34010,0x000000077d300000)
 ParOldGen       total 171008K, used 1551K [0x00000006c6a00000, 0x00000006d1100000, 0x000000076ce00000)
  object space 171008K, 0% used [0x00000006c6a00000,0x00000006c6b85cb8,0x00000006d1100000)
 Metaspace       used 18203K, capacity 18369K, committed 18816K, reserved 1064960K
  class space    used 2265K, capacity 2339K, committed 2432K, reserved 1048576K
GC Heap History (10 events):
Event: 0.795 GC heap after
Heap after GC invocations=2 (full 0):
 PSYoungGen      total 74752K, used 2994K [0x000000076ce00000, 0x0000000776000000, 0x00000007c0000000)
  eden space 64512K, 0% used [0x000000076ce00000,0x000000076ce00000,0x0000000770d00000)
  from space 10240K, 29% used [0x0000000771700000,0x00000007719eca78,0x0000000772100000)
  to   space 10240K, 0% used [0x0000000770d00000,0x0000000770d00000,0x0000000771700000)
 ParOldGen       total 171008K, used 24K [0x00000006c6a00000, 0x00000006d1100000, 0x000000076ce00000)
  object space 171008K, 0% used [0x00000006c6a00000,0x00000006c6a06000,0x00000006d1100000)
 Metaspace       used 15201K, capacity 15350K, committed 15616K, reserved 1062912K
  class space    used 2148K, capacity 2241K, committed 2304K, reserved 1048576K
}
Event: 0.847 GC heap before
{Heap before GC invocations=3 (full 0):
 PSYoungGen      total 74752K, used 67506K [0x000000076ce00000, 0x0000000776000000, 0x00000007c0000000)
  eden space 64512K, 100% used [0x000000076ce00000,0x0000000770d00000,0x0000000770d00000)
  from space 10240K, 29% used [0x0000000771700000,0x00000007719eca78,0x0000000772100000)
  to   space 10240K, 0% used [0x0000000770d00000,0x0000000770d00000,0x0000000771700000)
 ParOldGen       total 171008K, used 24K [0x00000006c6a00000, 0x00000006d1100000, 0x000000076ce00000)
  object space 171008K, 0% used [0x00000006c6a00000,0x00000006c6a06000,0x00000006d1100000)
 Metaspace       used 15266K, capacity 15478K, committed 15872K, reserved 1062912K
  class space    used 2148K, capacity 2241K, committed 2304K, reserved 1048576K
Event: 0.851 GC heap after
Heap after GC invocations=3 (full 0):
 PSYoungGen      total 74752K, used 2832K [0x000000076ce00000, 0x0000000776000000, 0x00000007c0000000)
  eden space 64512K, 0% used [0x000000076ce00000,0x000000076ce00000,0x0000000770d00000)
  from space 10240K, 27% used [0x0000000770d00000,0x0000000770fc4090,0x0000000771700000)
  to   space 10240K, 0% used [0x0000000775600000,0x0000000775600000,0x0000000776000000)
 ParOldGen       total 171008K, used 32K [0x00000006c6a00000, 0x00000006d1100000, 0x000000076ce00000)
  object space 171008K, 0% used [0x00000006c6a00000,0x00000006c6a08000,0x00000006d1100000)
 Metaspace       used 15266K, capacity 15478K, committed 15872K, reserved 1062912K
  class space    used 2148K, capacity 2241K, committed 2304K, reserved 1048576K
}
Event: 0.895 GC heap before
{Heap before GC invocations=4 (full 0):
 PSYoungGen      total 74752K, used 67344K [0x000000076ce00000, 0x0000000776000000, 0x00000007c0000000)
  eden space 64512K, 100% used [0x000000076ce00000,0x0000000770d00000,0x0000000770d00000)
  from space 10240K, 27% used [0x0000000770d00000,0x0000000770fc4090,0x0000000771700000)
  to   space 10240K, 0% used [0x0000000775600000,0x0000000775600000,0x0000000776000000)
 ParOldGen       total 171008K, used 32K [0x00000006c6a00000, 0x00000006d1100000, 0x000000076ce00000)
  object space 171008K, 0% used [0x00000006c6a00000,0x00000006c6a08000,0x00000006d1100000)
 Metaspace       used 15596K, capacity 15773K, committed 16128K, reserved 1062912K
  class space    used 2157K, capacity 2241K, committed 2304K, reserved 1048576K
Event: 0.902 GC heap after
Heap after GC invocations=4 (full 0):
 PSYoungGen      total 139264K, used 2960K [0x000000076ce00000, 0x0000000776000000, 0x00000007c0000000)
  eden space 129024K, 0% used [0x000000076ce00000,0x000000076ce00000,0x0000000774c00000)
  from space 10240K, 28% used [0x0000000775600000,0x00000007758e4090,0x0000000776000000)
  to   space 10240K, 0% used [0x0000000774c00000,0x0000000774c00000,0x0000000775600000)
 ParOldGen       total 171008K, used 40K [0x00000006c6a00000, 0x00000006d1100000, 0x000000076ce00000)
  object space 171008K, 0% used [0x00000006c6a00000,0x00000006c6a0a000,0x00000006d1100000)
 Metaspace       used 15596K, capacity 15773K, committed 16128K, reserved 1062912K
  class space    used 2157K, capacity 2241K, committed 2304K, reserved 1048576K
}
Event: 0.998 GC heap before
{Heap before GC invocations=5 (full 0):
 PSYoungGen      total 139264K, used 131984K [0x000000076ce00000, 0x0000000776000000, 0x00000007c0000000)
  eden space 129024K, 100% used [0x000000076ce00000,0x0000000774c00000,0x0000000774c00000)
  from space 10240K, 28% used [0x0000000775600000,0x00000007758e4090,0x0000000776000000)
  to   space 10240K, 0% used [0x0000000774c00000,0x0000000774c00000,0x0000000775600000)
 ParOldGen       total 171008K, used 40K [0x00000006c6a00000, 0x00000006d1100000, 0x000000076ce00000)
  object space 171008K, 0% used [0x00000006c6a00000,0x00000006c6a0a000,0x00000006d1100000)
 Metaspace       used 15610K, capacity 15773K, committed 16128K, reserved 1062912K
  class space    used 2157K, capacity 2241K, committed 2304K, reserved 1048576K
Event: 1.006 GC heap after
Heap after GC invocations=5 (full 0):
 PSYoungGen      total 139264K, used 3088K [0x000000076ce00000, 0x000000077de00000, 0x00000007c0000000)
  eden space 129024K, 0% used [0x000000076ce00000,0x000000076ce00000,0x0000000774c00000)
  from space 10240K, 30% used [0x0000000774c00000,0x0000000774f04090,0x0000000775600000)
  to   space 10240K, 0% used [0x000000077d400000,0x000000077d400000,0x000000077de00000)
 ParOldGen       total 171008K, used 48K [0x00000006c6a00000, 0x00000006d1100000, 0x000000076ce00000)
  object space 171008K, 0% used [0x00000006c6a00000,0x00000006c6a0c000,0x00000006d1100000)
 Metaspace       used 15610K, capacity 15773K, committed 16128K, reserved 1062912K
  class space    used 2157K, capacity 2241K, committed 2304K, reserved 1048576K
}
Event: 1.090 GC heap before
{Heap before GC invocations=6 (full 0):
 PSYoungGen      total 139264K, used 132112K [0x000000076ce00000, 0x000000077de00000, 0x00000007c0000000)
  eden space 129024K, 100% used [0x000000076ce00000,0x0000000774c00000,0x0000000774c00000)
  from space 10240K, 30% used [0x0000000774c00000,0x0000000774f04090,0x0000000775600000)
  to   space 10240K, 0% used [0x000000077d400000,0x000000077d400000,0x000000077de00000)
 ParOldGen       total 171008K, used 48K [0x00000006c6a00000, 0x00000006d1100000, 0x000000076ce00000)
  object space 171008K, 0% used [0x00000006c6a00000,0x00000006c6a0c000,0x00000006d1100000)
 Metaspace       used 16730K, capacity 16925K, committed 17152K, reserved 1064960K
  class space    used 2179K, capacity 2241K, committed 2304K, reserved 1048576K
Event: 1.099 GC heap after
Heap after GC invocations=6 (full 0):
 PSYoungGen      total 266240K, used 3759K [0x000000076ce00000, 0x000000077dc00000, 0x00000007c0000000)
  eden space 258048K, 0% used [0x000000076ce00000,0x000000076ce00000,0x000000077ca00000)
  from space 8192K, 45% used [0x000000077d400000,0x000000077d7abdc0,0x000000077dc00000)
  to   space 9216K, 0% used [0x000000077ca00000,0x000000077ca00000,0x000000077d300000)
 ParOldGen       total 171008K, used 56K [0x00000006c6a00000, 0x00000006d1100000, 0x000000076ce00000)
  object space 171008K, 0% used [0x00000006c6a00000,0x00000006c6a0e000,0x00000006d1100000)
 Metaspace       used 16730K, capacity 16925K, committed 17152K, reserved 1064960K
  class space    used 2179K, capacity 2241K, committed 2304K, reserved 1048576K
}
Event: 1.221 GC heap before
{Heap before GC invocations=7 (full 0):
 PSYoungGen      total 266240K, used 261807K [0x000000076ce00000, 0x000000077dc00000, 0x00000007c0000000)
  eden space 258048K, 100% used [0x000000076ce00000,0x000000077ca00000,0x000000077ca00000)
  from space 8192K, 45% used [0x000000077d400000,0x000000077d7abdc0,0x000000077dc00000)
  to   space 9216K, 0% used [0x000000077ca00000,0x000000077ca00000,0x000000077d300000)
 ParOldGen       total 171008K, used 56K [0x00000006c6a00000, 0x00000006d1100000, 0x000000076ce00000)
  object space 171008K, 0% used [0x00000006c6a00000,0x00000006c6a0e000,0x00000006d1100000)
 Metaspace       used 18203K, capacity 18369K, committed 18816K, reserved 1064960K
  class space    used 2265K, capacity 2339K, committed 2432K, reserved 1048576K

