# JRE version: Java(TM) SE Runtime Environment (8.0_92-b14) (build 1.8.0_92-b14)
# Java VM: Java HotSpot(TM) 64-Bit Server VM (25.92-b14 mixed mode linux-amd64 compressed oops)
Heap:
 par new generation   total 76800K, used 13616K [0x00000006c6a00000, 0x00000006cbd50000, 0x00000006f0390000)
  eden space 68288K,   9% used [0x00000006c6a00000, 0x00000006c7045d38, 0x00000006cacb0000)
  from space 8512K,  84% used [0x00000006cacb0000, 0x00000006cb3b65f0, 0x00000006cb500000)
  to   space 8512K,   0% used [0x00000006cb500000, 0x00000006cb500000, 0x00000006cbd50000)
 concurrent mark-sweep generation total 170688K, used 41798K [0x00000006f0390000, 0x00000006faa40000, 0x00000007c0000000)
 Metaspace       used 18664K, capacity 18849K, committed 19072K, reserved 1067008K
  class space    used 2302K, capacity 2371K, committed 2432K, reserved 1048576K
GC Heap History (10 events):
Event: 12.030 GC heap before
{Heap before GC invocations=23 (full 0):
 par new generation   total 76800K, used 76117K [0x00000006c6a00000, 0x00000006cbd50000, 0x00000006f0390000)
  eden space 68288K, 100% used [0x00000006c6a00000, 0x00000006cacb0000, 0x00000006cacb0000)
  from space 8512K,  91% used [0x00000006cb500000, 0x00000006cbca56e0, 0x00000006cbd50000)
  to   space 8512K,   0% used [0x00000006cacb0000, 0x00000006cacb0000, 0x00000006cb500000)
 concurrent mark-sweep generation total 170688K, used 34678K [0x00000006f0390000, 0x00000006faa40000, 0x00000007c0000000)
 Metaspace       used 18646K, capacity 18849K, committed 19072K, reserved 1067008K
  class space    used 2300K, capacity 2371K, committed 2432K, reserved 1048576K
Event: 12.036 GC heap after
Heap after GC invocations=24 (full 0):
 par new generation   total 76800K, used 7828K [0x00000006c6a00000, 0x00000006cbd50000, 0x00000006f0390000)
  eden space 68288K,   0% used [0x00000006c6a00000, 0x00000006c6a00000, 0x00000006cacb0000)
  from space 8512K,  91% used [0x00000006cacb0000, 0x00000006cb4551a0, 0x00000006cb500000)
  to   space 8512K,   0% used [0x00000006cb500000, 0x00000006cb500000, 0x00000006cbd50000)
 concurrent mark-sweep generation total 170688K, used 36089K [0x00000006f0390000, 0x00000006faa40000, 0x00000007c0000000)
 Metaspace       used 18646K, capacity 18849K, committed 19072K, reserved 1067008K
  class space    used 2300K, capacity 2371K, committed 2432K, reserved 1048576K
}
Event: 12.473 GC heap before
{Heap before GC invocations=24 (full 0):
 par new generation   total 76800K, used 76116K [0x00000006c6a00000, 0x00000006cbd50000, 0x00000006f0390000)
  eden space 68288K, 100% used [0x00000006c6a00000, 0x00000006cacb0000, 0x00000006cacb0000)
  from space 8512K,  91% used [0x00000006cacb0000, 0x00000006cb4551a0, 0x00000006cb500000)
  to   space 8512K,   0% used [0x00000006cb500000, 0x00000006cb500000, 0x00000006cbd50000)
 concurrent mark-sweep generation total 170688K, used 36089K [0x00000006f0390000, 0x00000006faa40000, 0x00000007c0000000)
 Metaspace       used 18647K, capacity 18849K, committed 19072K, reserved 1067008K
  class space    used 2300K, capacity 2371K, committed 2432K, reserved 1048576K
Event: 12.479 GC heap after
Heap after GC invocations=25 (full 0):
 par new generation   total 76800K, used 7838K [0x00000006c6a00000, 0x00000006cbd50000, 0x00000006f0390000)
  eden space 68288K,   0% used [0x00000006c6a00000, 0x00000006c6a00000, 0x00000006cacb0000)
  from space 8512K,  92% used [0x00000006cb500000, 0x00000006cbca7a20, 0x00000006cbd50000)
  to   space 8512K,   0% used [0x00000006cacb0000, 0x00000006cacb0000, 0x00000006cb500000)
 concurrent mark-sweep generation total 170688K, used 37503K [0x00000006f0390000, 0x00000006faa40000, 0x00000007c0000000)
 Metaspace       used 18647K, capacity 18849K, committed 19072K, reserved 1067008K
  class space    used 2300K, capacity 2371K, committed 2432K, reserved 1048576K
}
Event: 12.916 GC heap before
{Heap before GC invocations=25 (full 0):
 par new generation   total 76800K, used 76126K [0x00000006c6a00000, 0x00000006cbd50000, 0x00000006f0390000)
  eden space 68288K, 100% used [0x00000006c6a00000, 0x00000006cacb0000, 0x00000006cacb0000)
  from space 8512K,  92% used [0x00000006cb500000, 0x00000006cbca7a20, 0x00000006cbd50000)
  to   space 8512K,   0% used [0x00000006cacb0000, 0x00000006cacb0000, 0x00000006cb500000)
 concurrent mark-sweep generation total 170688K, used 37503K [0x00000006f0390000, 0x00000006faa40000, 0x00000007c0000000)
 Metaspace       used 18647K, capacity 18849K, committed 19072K, reserved 1067008K
  class space    used 2300K, capacity 2371K, committed 2432K, reserved 1048576K
Event: 12.922 GC heap after
Heap after GC invocations=26 (full 0):
 par new generation   total 76800K, used 7841K [0x00000006c6a00000, 0x00000006cbd50000, 0x00000006f0390000)
  eden space 68288K,   0% used [0x00000006c6a00000, 0x00000006c6a00000, 0x00000006cacb0000)
  from space 8512K,  92% used [0x00000006cacb0000, 0x00000006cb458680, 0x00000006cb500000)
  to   space 8512K,   0% used [0x00000006cb500000, 0x00000006cb500000, 0x00000006cbd50000)
 concurrent mark-sweep generation total 170688K, used 38918K [0x00000006f0390000, 0x00000006faa40000, 0x00000007c0000000)
 Metaspace       used 18647K, capacity 18849K, committed 19072K, reserved 1067008K
  class space    used 2300K, capacity 2371K, committed 2432K, reserved 1048576K
}
Event: 13.364 GC heap before
{Heap before GC invocations=26 (full 0):
 par new generation   total 76800K, used 76129K [0x00000006c6a00000, 0x00000006cbd50000, 0x00000006f0390000)
  eden space 68288K, 100% used [0x00000006c6a00000, 0x00000006cacb0000, 0x00000006cacb0000)
  from space 8512K,  92% used [0x00000006cacb0000, 0x00000006cb458680, 0x00000006cb500000)
  to   space 8512K,   0% used [0x00000006cb500000, 0x00000006cb500000, 0x00000006cbd50000)
 concurrent mark-sweep generation total 170688K, used 38918K [0x00000006f0390000, 0x00000006faa40000, 0x00000007c0000000)
 Metaspace       used 18647K, capacity 18849K, committed 19072K, reserved 1067008K
  class space    used 2300K, capacity 2371K, committed 2432K, reserved 1048576K
Event: 13.370 GC heap after
Heap after GC invocations=27 (full 0):
 par new generation   total 76800K, used 7848K [0x00000006c6a00000, 0x00000006cbd50000, 0x00000006f0390000)
  eden space 68288K,   0% used [0x00000006c6a00000, 0x00000006c6a00000, 0x00000006cacb0000)
  from space 8512K,  92% used [0x00000006cb500000, 0x00000006cbcaa2a0, 0x00000006cbd50000)
  to   space 8512K,   0% used [0x00000006cacb0000, 0x00000006cacb0000, 0x00000006cb500000)
 concurrent mark-sweep generation total 170688K, used 40333K [0x00000006f0390000, 0x00000006faa40000, 0x00000007c0000000)
 Metaspace       used 18647K, capacity 18849K, committed 19072K, reserved 1067008K
  class space    used 2300K, capacity 2371K, committed 2432K, reserved 1048576K
}
Event: 13.814 GC heap before
{Heap before GC invocations=27 (full 0):
 par new generation   total 76800K, used 76136K [0x00000006c6a00000, 0x00000006cbd50000, 0x00000006f0390000)
  eden space 68288K, 100% used [0x00000006c6a00000, 0x00000006cacb0000, 0x00000006cacb0000)
  from space 8512K,  92% used [0x00000006cb500000, 0x00000006cbcaa2a0, 0x00000006cbd50000)
  to   space 8512K,   0% used [0x00000006cacb0000, 0x00000006cacb0000, 0x00000006cb500000)
 concurrent mark-sweep generation total 170688K, used 40333K [0x00000006f0390000, 0x00000006faa40000, 0x00000007c0000000)
 Metaspace       used 18647K, capacity 18849K, committed 19072K, reserved 1067008K
  class space    used 2300K, capacity 2371K, committed 2432K, reserved 1048576K
Event: 13.820 GC heap after
Heap after GC invocations=28 (full 0):
 par new generation   total 76800K, used 7193K [0x00000006c6a00000, 0x00000006cbd50000, 0x00000006f0390000)
  eden space 68288K,   0% used [0x00000006c6a00000, 0x00000006c6a00000, 0x00000006cacb0000)
  from space 8512K,  84% used [0x00000006cacb0000, 0x00000006cb3b65f0, 0x00000006cb500000)
  to   space 8512K,   0% used [0x00000006cb500000, 0x00000006cb500000, 0x00000006cbd50000)
 concurrent mark-sweep generation total 170688K, used 41798K [0x00000006f0390000, 0x00000006faa40000, 0x00000007c0000000)
 Metaspace       used 18647K, capacity 18849K, committed 19072K, reserved 1067008K
  class space    used 2300K, capacity 2371K, committed 2432K, reserved 1048576K
}

